🔗 Found pyo3 bindings
🐍 Found CPython 3.14 at C:\Python314\python.exe
   Compiling pyo3-build-config v0.20.3
   Compiling portable-atomic v1.13.1
   Compiling lock_api v0.4.14
   Compiling parking_lot_core v0.9.12
   Compiling pyo3-macros-backend v0.20.3
   Compiling ppv-lite86 v0.2.21
   Compiling pyo3-ffi v0.20.3
   Compiling pyo3 v0.20.3
   Compiling rand_core v0.6.4
error: failed to run custom build command for `pyo3-ffi v0.20.3`

Caused by:
  process didn't exit successfully: `E:\ruff1\tool\rust_predictor\target\release\build\pyo3-ffi-5f9a6b282a289e82\build-script-build` (exit code: 1)
  --- stdout
  cargo:rerun-if-env-changed=PYO3_CROSS
  cargo:rerun-if-env-changed=PYO3_CROSS_LIB_DIR
  cargo:rerun-if-env-changed=PYO3_CROSS_PYTHON_VERSION
  cargo:rerun-if-env-changed=PYO3_CROSS_PYTHON_IMPLEMENTATION
  cargo:rerun-if-env-changed=PYO3_PRINT_CONFIG
  cargo:rerun-if-env-changed=PYO3_USE_ABI3_FORWARD_COMPATIBILITY

  --- stderr
  error: the configured Python interpreter version (3.14) is newer than PyO3's maximum supported version (3.12)
  = help: please check if an updated version of PyO3 is available. Current version: 0.20.3
  = help: set PYO3_USE_ABI3_FORWARD_COMPATIBILITY=1 to suppress this check and build anyway using the stable ABI
warning: build failed, waiting for other jobs to finish...
💥 maturin failed
  Caused by: Failed to build a native library through cargo
  Caused by: Cargo build finished with "exit code: 101": `"cargo" "rustc" "--profile" "release" "--message-format" "json-render-diagnostics" "--manifest-path" "E:\\ruff1\\tool\\rust_predictor\\Cargo.toml" "--lib"`
